2023-09-07 08:05:35,986 : 17 : select Gender
2023-09-07 08:05:36,164 : 20 : Enter first name
2023-09-07 08:05:36,319 : 22 : Enter last name
2023-09-07 08:05:36,462 : 24 : select DOB day
2023-09-07 08:05:36,643 : 26 : select DOB month
2023-09-07 08:05:36,828 : 28 : select DOB year
2023-09-07 08:05:37,087 : 30 : enter Email
2023-09-07 08:05:37,282 : 33 : Enter Company Name 
2023-09-07 08:05:37,493 : 35 : Enter Pasword 
2023-09-07 08:05:37,593 : 37 : Enter Password to Confirm 
2023-09-07 08:05:37,700 : 40 : Click on Register button
2023-09-07 08:05:43,507 : 47 : Taking SS if tCase Failed
2023-09-08 09:29:12,973 | INFO | 11 | test_add_customer_004 | Hitting Admin Url
2023-09-08 09:30:27,433 | INFO | 12 | test_add_customer_004 | Hitting Admin Url
2023-09-08 09:31:11,903 | INFO | 14 | test_add_customer_004 | Hitting Admin Url
2023-09-08 10:08:39,134 | INFO | 14 | test_add_customer_004 | Hitting Admin Url
2023-09-08 10:08:41,016 | INFO | 16 | test_add_customer_004 | Enter Admin Username
2023-09-08 10:08:41,125 | INFO | 18 | test_add_customer_004 | Enter Admin Password
2023-09-08 10:10:50,079 | INFO | 14 | test_add_customer_004 | Hitting Admin Url
2023-09-08 10:10:51,975 | INFO | 16 | test_add_customer_004 | Enter Admin Username
2023-09-08 10:10:52,085 | INFO | 18 | test_add_customer_004 | Enter Admin Password
2023-09-08 10:11:41,283 | INFO | 14 | test_add_customer_004 | Hitting Admin Url
2023-09-08 10:11:51,762 | INFO | 25 | test_add_customer_004 | Enter Last_Name
2023-09-08 10:11:52,060 | INFO | 28 | test_add_customer_004 | Enter First_Name
2023-09-08 10:11:52,157 | INFO | 30 | test_add_customer_004 | Enter Last_Name
2023-09-08 10:14:14,201 | INFO | 14 | test_add_customer_004 | Hitting Admin Url
2023-09-08 10:14:23,655 | INFO | 25 | test_add_customer_004 | Enter Last_Name
2023-09-08 10:14:23,939 | INFO | 28 | test_add_customer_004 | Enter First_Name
2023-09-08 10:14:24,037 | INFO | 30 | test_add_customer_004 | Enter Last_Name
2023-09-08 10:16:42,890 | INFO | 14 | test_add_customer_004 | Hitting Admin Url
2023-09-08 10:16:53,432 | INFO | 25 | test_add_customer_004 | Enter Last_Name
2023-09-08 10:16:53,699 | INFO | 28 | test_add_customer_004 | Enter First_Name
2023-09-08 10:16:53,808 | INFO | 30 | test_add_customer_004 | Enter Last_Name
2023-09-08 10:19:35,338 | INFO | 14 | test_add_customer_004 | Hitting Admin Url
2023-09-08 10:19:44,455 | INFO | 25 | test_add_customer_004 | Enter Last_Name
2023-09-08 10:19:44,742 | INFO | 28 | test_add_customer_004 | Enter First_Name
2023-09-08 10:19:44,838 | INFO | 30 | test_add_customer_004 | Enter Last_Name
2023-09-08 10:20:12,036 | INFO | 14 | test_add_customer_004 | Hitting Admin Url
2023-09-08 10:20:23,406 | INFO | 25 | test_add_customer_004 | Enter Last_Name
2023-09-08 10:20:23,689 | INFO | 28 | test_add_customer_004 | Enter First_Name
2023-09-08 10:20:23,785 | INFO | 30 | test_add_customer_004 | Enter Last_Name
2023-09-08 10:22:23,009 | INFO | 14 | test_add_customer_004 | Hitting Admin Url
2023-09-08 10:22:33,388 | INFO | 25 | test_add_customer_004 | Enter Last_Name
2023-09-08 10:22:33,701 | INFO | 28 | test_add_customer_004 | Enter First_Name
2023-09-08 10:22:33,797 | INFO | 30 | test_add_customer_004 | Enter Last_Name
2023-09-08 10:23:38,684 | INFO | 14 | test_add_customer_004 | Hitting Admin Url
2023-09-08 10:23:47,755 | INFO | 25 | test_add_customer_004 | Enter Last_Name
2023-09-08 10:23:48,086 | INFO | 28 | test_add_customer_004 | Enter First_Name
2023-09-08 10:23:48,198 | INFO | 30 | test_add_customer_004 | Enter Last_Name
2023-09-08 10:25:35,252 | INFO | 14 | test_add_customer_004 | Hitting Admin Url
2023-09-08 10:25:44,105 | INFO | 25 | test_add_customer_004 | Enter Last_Name
2023-09-08 10:25:44,411 | INFO | 28 | test_add_customer_004 | Enter First_Name
2023-09-08 10:25:44,507 | INFO | 30 | test_add_customer_004 | Enter Last_Name
2023-09-08 10:27:19,634 | INFO | 14 | test_add_customer_004 | Hitting Admin Url
2023-09-08 10:27:28,017 | INFO | 25 | test_add_customer_004 | Enter Last_Name
2023-09-08 10:27:28,290 | INFO | 28 | test_add_customer_004 | Enter First_Name
2023-09-08 10:27:28,388 | INFO | 30 | test_add_customer_004 | Enter Last_Name
2023-09-08 10:29:04,235 | INFO | 14 | test_add_customer_004 | Hitting Admin Url
2023-09-08 10:29:14,232 | INFO | 25 | test_add_customer_004 | Enter Last_Name
2023-09-08 10:29:14,523 | INFO | 28 | test_add_customer_004 | Enter First_Name
2023-09-08 10:29:14,639 | INFO | 30 | test_add_customer_004 | Enter Last_Name
2023-09-08 10:29:41,233 | INFO | 14 | test_add_customer_004 | Hitting Admin Url
2023-09-08 10:29:51,225 | INFO | 25 | test_add_customer_004 | Enter Last_Name
2023-09-08 10:29:51,589 | INFO | 28 | test_add_customer_004 | Enter First_Name
2023-09-08 10:29:51,698 | INFO | 30 | test_add_customer_004 | Enter Last_Name
2023-09-08 10:30:47,960 | INFO | 14 | test_add_customer_004 | Hitting Admin Url
2023-09-08 10:30:58,493 | INFO | 25 | test_add_customer_004 | Enter Last_Name
2023-09-08 10:30:58,830 | INFO | 28 | test_add_customer_004 | Enter First_Name
2023-09-08 10:30:58,926 | INFO | 30 | test_add_customer_004 | Enter Last_Name
2023-09-08 10:33:32,770 | INFO | 14 | test_add_customer_004 | Hitting Admin Url
2023-09-08 10:33:45,599 | INFO | 25 | test_add_customer_004 | Enter Last_Name
2023-09-08 10:33:45,907 | INFO | 28 | test_add_customer_004 | Enter First_Name
2023-09-08 10:33:46,018 | INFO | 30 | test_add_customer_004 | Enter Last_Name
2023-09-08 10:35:19,234 | INFO | 14 | test_add_customer_004 | Hitting Admin Url
2023-09-08 10:35:29,585 | INFO | 25 | test_add_customer_004 | Enter Last_Name
2023-09-08 10:35:29,900 | INFO | 28 | test_add_customer_004 | Enter First_Name
2023-09-08 10:35:29,999 | INFO | 30 | test_add_customer_004 | Enter Last_Name
2023-09-08 10:36:18,985 | INFO | 14 | test_add_customer_004 | Hitting Admin Url
2023-09-08 10:36:28,733 | INFO | 25 | test_add_customer_004 | Enter Last_Name
2023-09-08 10:36:28,828 | INFO | 28 | test_add_customer_004 | Enter First_Name
2023-09-08 10:36:28,839 | INFO | 30 | test_add_customer_004 | Enter Last_Name
2023-09-08 10:38:57,650 | INFO | 14 | test_add_customer_004 | Hitting Admin Url
2023-09-08 10:39:49,902 | INFO | 14 | test_add_customer_004 | Hitting Admin Url
2023-09-08 10:44:40,420 | INFO | 14 | test_add_customer_004 | Hitting Admin Url
2023-09-08 10:45:22,827 | INFO | 14 | test_add_customer_004 | Hitting Admin Url
2023-09-08 10:47:19,908 | INFO | 14 | test_add_customer_004 | Hitting Admin Url
2023-09-08 10:47:33,575 | INFO | 25 | test_add_customer_004 | Enter Last_Name
2023-09-08 10:47:33,914 | INFO | 28 | test_add_customer_004 | Enter First_Name
2023-09-08 10:47:34,015 | INFO | 30 | test_add_customer_004 | Enter Last_Name
2023-09-08 10:51:13,474 | INFO | 14 | test_add_customer_004 | Hitting Admin Url
2023-09-08 10:51:23,313 | INFO | 25 | test_add_customer_004 | Enter Last_Name
2023-09-08 10:51:23,617 | INFO | 28 | test_add_customer_004 | Enter First_Name
2023-09-08 10:51:23,715 | INFO | 30 | test_add_customer_004 | Enter Last_Name
2023-09-08 10:53:13,025 | INFO | 14 | test_add_customer_004 | Hitting Admin Url
2023-09-08 10:53:26,451 | INFO | 25 | test_add_customer_004 | Enter Last_Name
2023-09-08 10:53:26,737 | INFO | 28 | test_add_customer_004 | Enter First_Name
2023-09-08 10:53:26,856 | INFO | 30 | test_add_customer_004 | Enter Last_Name
2023-09-08 10:54:04,053 | INFO | 14 | test_add_customer_004 | Hitting Admin Url
2023-09-08 10:54:13,942 | INFO | 25 | test_add_customer_004 | Enter Last_Name
2023-09-08 10:54:14,262 | INFO | 28 | test_add_customer_004 | Enter First_Name
2023-09-08 10:54:14,377 | INFO | 30 | test_add_customer_004 | Enter Last_Name
2023-09-08 10:56:04,229 | INFO | 14 | test_add_customer_004 | Hitting Admin Url
2023-09-08 10:56:13,849 | INFO | 25 | test_add_customer_004 | Enter Last_Name
2023-09-08 10:56:14,139 | INFO | 28 | test_add_customer_004 | Enter First_Name
2023-09-08 10:56:14,239 | INFO | 30 | test_add_customer_004 | Enter Last_Name
2023-09-08 10:57:44,749 | INFO | 14 | test_add_customer_004 | Hitting Admin Url
2023-09-08 10:57:54,558 | INFO | 25 | test_add_customer_004 | Enter email
2023-09-08 10:57:54,772 | INFO | 27 | test_add_customer_004 | Enter password
2023-09-08 10:57:54,850 | INFO | 29 | test_add_customer_004 | Enter First_Name
2023-09-08 10:57:54,953 | INFO | 31 | test_add_customer_004 | Enter Last_Name
2023-09-08 10:59:36,250 | INFO | 14 | test_add_customer_004 | Hitting Admin Url
2023-09-08 10:59:46,434 | INFO | 25 | test_add_customer_004 | Enter email
2023-09-08 10:59:46,644 | INFO | 27 | test_add_customer_004 | Enter password
2023-09-08 10:59:46,713 | INFO | 29 | test_add_customer_004 | Enter First_Name
2023-09-08 10:59:46,806 | INFO | 31 | test_add_customer_004 | Enter Last_Name
2023-09-08 11:01:23,166 | INFO | 14 | test_add_customer_004 | Hitting Admin Url
2023-09-08 11:01:38,327 | INFO | 25 | test_add_customer_004 | Enter email
2023-09-08 11:01:38,587 | INFO | 27 | test_add_customer_004 | Enter password
2023-09-08 11:01:38,744 | INFO | 29 | test_add_customer_004 | Enter First_Name
2023-09-08 11:01:38,835 | INFO | 31 | test_add_customer_004 | Enter Last_Name
